FinalProject-master/build/app/intermediates/manifest_merge_blame_file/debug/manifest-merger-blame-debug-report.txt
1<?xml version="1.0" encoding="utf-8"?>
2<manifest xmlns:android="http://schemas.android.com/apk/res/android"
3    package="com.example.blaghaty"
4    android:versionCode="1"
5    android:versionName="1.0.0" >
6
7    <uses-sdk
8        android:minSdkVersion="21"
9        android:targetSdkVersion="31" />
10    <!--
11         Flutter needs it to communicate with the running application
12         to allow setting breakpoints, to provide hot reload, etc.
13    -->
14    <uses-permission android:name="android.permission.INTERNET" />
14-->src\main\AndroidManifest.xml:4:5-67
14-->src\main\AndroidManifest.xml:4:22-64
15    <uses-permission android:name="android.permission.ACCESS_COARSE_LOCATION" />
15-->src\main\AndroidManifest.xml:5:5-81
15-->src\main\AndroidManifest.xml:5:22-78
16    <uses-permission android:name="android.permission.ACCESS_FINE_LOCATION" />
16-->src\main\AndroidManifest.xml:6:5-79
16-->src\main\AndroidManifest.xml:6:22-76
17    <uses-permission android:name="android.permission.QUERY_ALL_PACKAGES" />
17-->src\main\AndroidManifest.xml:7:5-77
17-->src\main\AndroidManifest.xml:7:22-74
18
19    <queries>
19-->src\main\AndroidManifest.xml:8:5-14:11
20
21        <!-- If your app opens https URLs -->
22        <intent>
22-->src\main\AndroidManifest.xml:10:4-13:13
23            <action android:name="android.intent.action.VIEW" />
23-->src\main\AndroidManifest.xml:11:6-58
23-->src\main\AndroidManifest.xml:11:14-55
24
25            <data android:scheme="https" />
25-->src\main\AndroidManifest.xml:12:6-37
25-->src\main\AndroidManifest.xml:12:12-34
26        </intent>
27        <!-- Needs to be explicitly declared on Android R+ -->
28        <package android:name="com.google.android.apps.maps" />
28-->[com.google.android.gms:play-services-maps:18.0.2] AndroidManifest.xml:33:9-64
28-->[com.google.android.gms:play-services-maps:18.0.2] AndroidManifest.xml:33:18-61
29    </queries>
30
31    <uses-permission android:name="android.permission.FOREGROUND_SERVICE" />
31-->[:geolocator_android] AndroidManifest.xml:7:5-77
31-->[:geolocator_android] AndroidManifest.xml:7:22-74
32    <uses-permission android:name="android.permission.ACCESS_NETWORK_STATE" />
32-->[com.google.firebase:firebase-auth:21.0.5] AndroidManifest.xml:24:5-79
32-->[com.google.firebase:firebase-auth:21.0.5] AndroidManifest.xml:24:22-76
33    <uses-permission android:name="android.permission.WAKE_LOCK" />
33-->[com.google.android.gms:play-services-measurement-api:21.0.0] AndroidManifest.xml:24:5-68
33-->[com.google.android.gms:play-services-measurement-api:21.0.0] AndroidManifest.xml:24:22-65
34    <uses-permission android:name="com.google.android.gms.permission.AD_ID" />
34-->[com.google.android.gms:play-services-measurement-api:21.0.0] AndroidManifest.xml:25:5-79
34-->[com.google.android.gms:play-services-measurement-api:21.0.0] AndroidManifest.xml:25:22-76
35
36    <uses-feature
36-->[com.google.android.gms:play-services-maps:18.0.2] AndroidManifest.xml:26:5-28:35
37        android:glEsVersion="0x00020000"
37-->[com.google.android.gms:play-services-maps:18.0.2] AndroidManifest.xml:27:9-41
38        android:required="true" />
38-->[com.google.android.gms:play-services-maps:18.0.2] AndroidManifest.xml:28:9-32
39
40    <uses-permission android:name="com.google.android.finsky.permission.BIND_GET_INSTALL_REFERRER_SERVICE" />
40-->[com.google.android.gms:play-services-measurement:21.0.0] AndroidManifest.xml:26:5-110
40-->[com.google.android.gms:play-services-measurement:21.0.0] AndroidManifest.xml:26:22-107
41
42    <application
43        android:name="android.app.Application"
44        android:appComponentFactory="androidx.core.app.CoreComponentFactory"
44-->[androidx.core:core:1.8.0] AndroidManifest.xml:24:18-86
45        android:debuggable="true"
46        android:icon="@mipmap/ic_launcher"
47        android:label="blaghaty" >
48        <meta-data
49            android:name="com.google.android.geo.API_KEY"
50            android:value="AIzaSyDCqCetB-x90w37rNDciwLZ4R_iKimYuAU" />
51
52        <activity
53            android:name="com.example.blaghaty.MainActivity"
54            android:configChanges="orientation|keyboardHidden|keyboard|screenSize|smallestScreenSize|locale|layoutDirection|fontScale|screenLayout|density|uiMode"
55            android:exported="true"
56            android:hardwareAccelerated="true"
57            android:launchMode="singleTop"
58            android:theme="@style/LaunchTheme"
59            android:windowSoftInputMode="adjustResize" >
60
61            <!--
62                 Specifies an Android theme to apply to this Activity as soon as
63                 the Android process has started. This theme is visible to the user
64                 while the Flutter UI initializes. After that, this theme continues
65                 to determine the Window background behind the Flutter UI.
66            -->
67            <meta-data
68                android:name="io.flutter.embedding.android.NormalTheme"
69                android:resource="@style/NormalTheme" />
70
71            <intent-filter>
72                <action android:name="android.intent.action.MAIN" />
73
74                <category android:name="android.intent.category.LAUNCHER" />
75            </intent-filter>
76        </activity>
77        <!--
78             Don't delete the meta-data below.
79             This is used by the Flutter tool to generate GeneratedPluginRegistrant.java
80        -->
81        <meta-data
82            android:name="flutterEmbedding"
83            android:value="2" />
84
85        <service
85-->[:firebase_auth] AndroidManifest.xml:8:9-12:19
86            android:name="com.google.firebase.components.ComponentDiscoveryService"
86-->[:firebase_auth] AndroidManifest.xml:8:18-89
87            android:directBootAware="true"
87-->[com.google.firebase:firebase-common:20.1.1] AndroidManifest.xml:35:13-43
88            android:exported="false" >
88-->[com.google.firebase:firebase-auth:21.0.5] AndroidManifest.xml:66:13-37
89            <meta-data
89-->[:firebase_auth] AndroidManifest.xml:9:13-11:85
90                android:name="com.google.firebase.components:io.flutter.plugins.firebase.auth.FlutterFirebaseAuthRegistrar"
90-->[:firebase_auth] AndroidManifest.xml:10:17-124
91                android:value="com.google.firebase.components.ComponentRegistrar" />
91-->[:firebase_auth] AndroidManifest.xml:11:17-82
92            <meta-data
92-->[:firebase_storage] AndroidManifest.xml:9:13-11:85
93                android:name="com.google.firebase.components:io.flutter.plugins.firebase.storage.FlutterFirebaseAppRegistrar"
93-->[:firebase_storage] AndroidManifest.xml:10:17-126
94                android:value="com.google.firebase.components.ComponentRegistrar" />
94-->[:firebase_storage] AndroidManifest.xml:11:17-82
95            <meta-data
95-->[:cloud_firestore] AndroidManifest.xml:9:13-11:85
96                android:name="com.google.firebase.components:io.flutter.plugins.firebase.firestore.FlutterFirebaseFirestoreRegistrar"
96-->[:cloud_firestore] AndroidManifest.xml:10:17-134
97                android:value="com.google.firebase.components.ComponentRegistrar" />
97-->[:cloud_firestore] AndroidManifest.xml:11:17-82
98            <meta-data
98-->[:firebase_core] AndroidManifest.xml:9:13-11:85
99                android:name="com.google.firebase.components:io.flutter.plugins.firebase.core.FlutterFirebaseCoreRegistrar"
99-->[:firebase_core] AndroidManifest.xml:10:17-124
100                android:value="com.google.firebase.components.ComponentRegistrar" />
100-->[:firebase_core] AndroidManifest.xml:11:17-82
101            <meta-data
101-->[com.google.firebase:firebase-auth:21.0.5] AndroidManifest.xml:67:13-69:85
102                android:name="com.google.firebase.components:com.google.firebase.auth.FirebaseAuthRegistrar"
102-->[com.google.firebase:firebase-auth:21.0.5] AndroidManifest.xml:68:17-109
103                android:value="com.google.firebase.components.ComponentRegistrar" />
103-->[com.google.firebase:firebase-auth:21.0.5] AndroidManifest.xml:69:17-82
104            <meta-data
104-->[com.google.firebase:firebase-firestore:24.1.2] AndroidManifest.xml:20:13-22:85
105                android:name="com.google.firebase.components:com.google.firebase.firestore.FirestoreRegistrar"
105-->[com.google.firebase:firebase-firestore:24.1.2] AndroidManifest.xml:21:17-111
106                android:value="com.google.firebase.components.ComponentRegistrar" />
106-->[com.google.firebase:firebase-firestore:24.1.2] AndroidManifest.xml:22:17-82
107            <meta-data
107-->[com.google.firebase:firebase-storage:20.0.1] AndroidManifest.xml:33:13-35:85
108                android:name="com.google.firebase.components:com.google.firebase.storage.StorageRegistrar"
108-->[com.google.firebase:firebase-storage:20.0.1] AndroidManifest.xml:34:17-107
109                android:value="com.google.firebase.components.ComponentRegistrar" />
109-->[com.google.firebase:firebase-storage:20.0.1] AndroidManifest.xml:35:17-82
110            <meta-data
110-->[com.google.android.gms:play-services-measurement-api:21.0.0] AndroidManifest.xml:31:13-33:85
111                android:name="com.google.firebase.components:com.google.firebase.analytics.connector.internal.AnalyticsConnectorRegistrar"
111-->[com.google.android.gms:play-services-measurement-api:21.0.0] AndroidManifest.xml:32:17-139
112                android:value="com.google.firebase.components.ComponentRegistrar" />
112-->[com.google.android.gms:play-services-measurement-api:21.0.0] AndroidManifest.xml:33:17-82
113            <meta-data
113-->[com.google.firebase:firebase-installations:17.0.1] AndroidManifest.xml:18:13-20:85
114                android:name="com.google.firebase.components:com.google.firebase.installations.FirebaseInstallationsRegistrar"
114-->[com.google.firebase:firebase-installations:17.0.1] AndroidManifest.xml:19:17-127
115                android:value="com.google.firebase.components.ComponentRegistrar" />
115-->[com.google.firebase:firebase-installations:17.0.1] AndroidManifest.xml:20:17-82
116        </service>
117        <service
117-->[:geolocator_android] AndroidManifest.xml:10:9-14:56
118            android:name="com.baseflow.geolocator.GeolocatorLocationService"
118-->[:geolocator_android] AndroidManifest.xml:11:13-77
119            android:enabled="true"
119-->[:geolocator_android] AndroidManifest.xml:12:13-35
120            android:exported="false"
120-->[:geolocator_android] AndroidManifest.xml:13:13-37
121            android:foregroundServiceType="location" />
121-->[:geolocator_android] AndroidManifest.xml:14:13-53
122
123        <provider
123-->[:image_picker_android] AndroidManifest.xml:8:9-16:20
124            android:name="io.flutter.plugins.imagepicker.ImagePickerFileProvider"
124-->[:image_picker_android] AndroidManifest.xml:9:13-82
125            android:authorities="com.example.blaghaty.flutter.image_provider"
125-->[:image_picker_android] AndroidManifest.xml:10:13-74
126            android:exported="false"
126-->[:image_picker_android] AndroidManifest.xml:11:13-37
127            android:grantUriPermissions="true" >
127-->[:image_picker_android] AndroidManifest.xml:12:13-47
128            <meta-data
128-->[:image_picker_android] AndroidManifest.xml:13:13-15:75
129                android:name="android.support.FILE_PROVIDER_PATHS"
129-->[:image_picker_android] AndroidManifest.xml:14:17-67
130                android:resource="@xml/flutter_image_picker_file_paths" />
130-->[:image_picker_android] AndroidManifest.xml:15:17-72
131        </provider>
132
133        <activity
133-->[:url_launcher_android] AndroidManifest.xml:8:9-11:74
134            android:name="io.flutter.plugins.urllauncher.WebViewActivity"
134-->[:url_launcher_android] AndroidManifest.xml:9:13-74
135            android:exported="false"
135-->[:url_launcher_android] AndroidManifest.xml:10:13-37
136            android:theme="@android:style/Theme.NoTitleBar.Fullscreen" />
136-->[:url_launcher_android] AndroidManifest.xml:11:13-71
137
138        <uses-library
138-->[androidx.window:window:1.0.0-beta04] AndroidManifest.xml:25:9-27:40
139            android:name="androidx.window.extensions"
139-->[androidx.window:window:1.0.0-beta04] AndroidManifest.xml:26:13-54
140            android:required="false" />
140-->[androidx.window:window:1.0.0-beta04] AndroidManifest.xml:27:13-37
141        <uses-library
141-->[androidx.window:window:1.0.0-beta04] AndroidManifest.xml:28:9-30:40
142            android:name="androidx.window.sidecar"
142-->[androidx.window:window:1.0.0-beta04] AndroidManifest.xml:29:13-51
143            android:required="false" />
143-->[androidx.window:window:1.0.0-beta04] AndroidManifest.xml:30:13-37
144
145        <activity
145-->[com.google.firebase:firebase-auth:21.0.5] AndroidManifest.xml:27:9-44:20
146            android:name="com.google.firebase.auth.internal.GenericIdpActivity"
146-->[com.google.firebase:firebase-auth:21.0.5] AndroidManifest.xml:28:13-80
147            android:excludeFromRecents="true"
147-->[com.google.firebase:firebase-auth:21.0.5] AndroidManifest.xml:29:13-46
148            android:exported="true"
148-->[com.google.firebase:firebase-auth:21.0.5] AndroidManifest.xml:30:13-36
149            android:launchMode="singleTask"
149-->[com.google.firebase:firebase-auth:21.0.5] AndroidManifest.xml:31:13-44
150            android:theme="@android:style/Theme.Translucent.NoTitleBar" >
150-->[com.google.firebase:firebase-auth:21.0.5] AndroidManifest.xml:32:13-72
151            <intent-filter>
151-->[com.google.firebase:firebase-auth:21.0.5] AndroidManifest.xml:33:13-43:29
152                <action android:name="android.intent.action.VIEW" />
152-->src\main\AndroidManifest.xml:11:6-58
152-->src\main\AndroidManifest.xml:11:14-55
153
154                <category android:name="android.intent.category.DEFAULT" />
154-->[com.google.firebase:firebase-auth:21.0.5] AndroidManifest.xml:36:17-76
154-->[com.google.firebase:firebase-auth:21.0.5] AndroidManifest.xml:36:27-73
155                <category android:name="android.intent.category.BROWSABLE" />
155-->[com.google.firebase:firebase-auth:21.0.5] AndroidManifest.xml:37:17-78
155-->[com.google.firebase:firebase-auth:21.0.5] AndroidManifest.xml:37:27-75
156
157                <data
157-->src\main\AndroidManifest.xml:12:6-37
158                    android:host="firebase.auth"
159                    android:path="/"
160                    android:scheme="genericidp" />
160-->src\main\AndroidManifest.xml:12:12-34
161            </intent-filter>
162        </activity>
163        <activity
163-->[com.google.firebase:firebase-auth:21.0.5] AndroidManifest.xml:45:9-62:20
164            android:name="com.google.firebase.auth.internal.RecaptchaActivity"
164-->[com.google.firebase:firebase-auth:21.0.5] AndroidManifest.xml:46:13-79
165            android:excludeFromRecents="true"
165-->[com.google.firebase:firebase-auth:21.0.5] AndroidManifest.xml:47:13-46
166            android:exported="true"
166-->[com.google.firebase:firebase-auth:21.0.5] AndroidManifest.xml:48:13-36
167            android:launchMode="singleTask"
167-->[com.google.firebase:firebase-auth:21.0.5] AndroidManifest.xml:49:13-44
168            android:theme="@android:style/Theme.Translucent.NoTitleBar" >
168-->[com.google.firebase:firebase-auth:21.0.5] AndroidManifest.xml:50:13-72
169            <intent-filter>
169-->[com.google.firebase:firebase-auth:21.0.5] AndroidManifest.xml:51:13-61:29
170                <action android:name="android.intent.action.VIEW" />
170-->src\main\AndroidManifest.xml:11:6-58
170-->src\main\AndroidManifest.xml:11:14-55
171
172                <category android:name="android.intent.category.DEFAULT" />
172-->[com.google.firebase:firebase-auth:21.0.5] AndroidManifest.xml:36:17-76
172-->[com.google.firebase:firebase-auth:21.0.5] AndroidManifest.xml:36:27-73
173                <category android:name="android.intent.category.BROWSABLE" />
173-->[com.google.firebase:firebase-auth:21.0.5] AndroidManifest.xml:37:17-78
173-->[com.google.firebase:firebase-auth:21.0.5] AndroidManifest.xml:37:27-75
174
175                <data
175-->src\main\AndroidManifest.xml:12:6-37
176                    android:host="firebase.auth"
177                    android:path="/"
178                    android:scheme="recaptcha" />
178-->src\main\AndroidManifest.xml:12:12-34
179            </intent-filter>
180        </activity>
181
182        <provider
182-->[com.google.firebase:firebase-common:20.1.1] AndroidManifest.xml:26:9-31:39
183            android:name="com.google.firebase.provider.FirebaseInitProvider"
183-->[com.google.firebase:firebase-common:20.1.1] AndroidManifest.xml:27:13-77
184            android:authorities="com.example.blaghaty.firebaseinitprovider"
184-->[com.google.firebase:firebase-common:20.1.1] AndroidManifest.xml:28:13-72
185            android:directBootAware="true"
185-->[com.google.firebase:firebase-common:20.1.1] AndroidManifest.xml:29:13-43
186            android:exported="false"
186-->[com.google.firebase:firebase-common:20.1.1] AndroidManifest.xml:30:13-37
187            android:initOrder="100" /> <!-- Needs to be explicitly declared on P+ -->
187-->[com.google.firebase:firebase-common:20.1.1] AndroidManifest.xml:31:13-36
188        <uses-library
188-->[com.google.android.gms:play-services-maps:18.0.2] AndroidManifest.xml:39:9-41:40
189            android:name="org.apache.http.legacy"
189-->[com.google.android.gms:play-services-maps:18.0.2] AndroidManifest.xml:40:13-50
190            android:required="false" />
190-->[com.google.android.gms:play-services-maps:18.0.2] AndroidManifest.xml:41:13-37
191
192        <receiver
192-->[com.google.android.gms:play-services-measurement:21.0.0] AndroidManifest.xml:29:9-33:20
193            android:name="com.google.android.gms.measurement.AppMeasurementReceiver"
193-->[com.google.android.gms:play-services-measurement:21.0.0] AndroidManifest.xml:30:13-85
194            android:enabled="true"
194-->[com.google.android.gms:play-services-measurement:21.0.0] AndroidManifest.xml:31:13-35
195            android:exported="false" >
195-->[com.google.android.gms:play-services-measurement:21.0.0] AndroidManifest.xml:32:13-37
196        </receiver>
197
198        <service
198-->[com.google.android.gms:play-services-measurement:21.0.0] AndroidManifest.xml:35:9-38:40
199            android:name="com.google.android.gms.measurement.AppMeasurementService"
199-->[com.google.android.gms:play-services-measurement:21.0.0] AndroidManifest.xml:36:13-84
200            android:enabled="true"
200-->[com.google.android.gms:play-services-measurement:21.0.0] AndroidManifest.xml:37:13-35
201            android:exported="false" />
201-->[com.google.android.gms:play-services-measurement:21.0.0] AndroidManifest.xml:38:13-37
202        <service
202-->[com.google.android.gms:play-services-measurement:21.0.0] AndroidManifest.xml:39:9-43:72
203            android:name="com.google.android.gms.measurement.AppMeasurementJobService"
203-->[com.google.android.gms:play-services-measurement:21.0.0] AndroidManifest.xml:40:13-87
204            android:enabled="true"
204-->[com.google.android.gms:play-services-measurement:21.0.0] AndroidManifest.xml:41:13-35
205            android:exported="false"
205-->[com.google.android.gms:play-services-measurement:21.0.0] AndroidManifest.xml:42:13-37
206            android:permission="android.permission.BIND_JOB_SERVICE" />
206-->[com.google.android.gms:play-services-measurement:21.0.0] AndroidManifest.xml:43:13-69
207
208        <activity
208-->[com.google.android.gms:play-services-base:18.0.1] AndroidManifest.xml:20:9-22:45
209            android:name="com.google.android.gms.common.api.GoogleApiActivity"
209-->[com.google.android.gms:play-services-base:18.0.1] AndroidManifest.xml:20:19-85
210            android:exported="false"
210-->[com.google.android.gms:play-services-base:18.0.1] AndroidManifest.xml:22:19-43
211            android:theme="@android:style/Theme.Translucent.NoTitleBar" />
211-->[com.google.android.gms:play-services-base:18.0.1] AndroidManifest.xml:21:19-78
212
213        <meta-data
213-->[com.google.android.gms:play-services-basement:18.0.0] AndroidManifest.xml:21:9-23:69
214            android:name="com.google.android.gms.version"
214-->[com.google.android.gms:play-services-basement:18.0.0] AndroidManifest.xml:22:13-58
215            android:value="@integer/google_play_services_version" />
215-->[com.google.android.gms:play-services-basement:18.0.0] AndroidManifest.xml:23:13-66
216    </application>
217
218</manifest>